<?xml version="1.0" encoding="UTF-8"?>
<testng-results ignored="0" total="1" passed="1" failed="0" skipped="0">
  <reporter-output>
  </reporter-output>
  <suite started-at="2022-06-09T05:58:24Z" name="Default suite" finished-at="2022-06-09T05:58:27Z" duration-ms="3756">
    <groups>
    </groups>
    <test started-at="2022-06-09T05:58:24Z" name="Default test" finished-at="2022-06-09T05:58:27Z" duration-ms="3756">
      <class name="Data_Driven.ReadFile">
        <test-method signature="postNewEmployees()[pri:0, instance:Data_Driven.ReadFile@c7ba306]" started-at="2022-06-09T05:58:24Z" name="postNewEmployees" finished-at="2022-06-09T05:58:27Z" duration-ms="3725" status="PASS">
          <reporter-output>
          </reporter-output>
        </test-method> <!-- postNewEmployees -->
      </class> <!-- Data_Driven.ReadFile -->
    </test> <!-- Default test -->
  </suite> <!-- Default suite -->
</testng-results>
